<?xml version="1.0" encoding="UTF-8"?>
<coverage generated="1773700441682" clover="3.2.0">
  <project timestamp="1773700441682" name="All files">
    <metrics statements="51" coveredstatements="46" conditionals="25" coveredconditionals="16" methods="10" coveredmethods="9" elements="86" coveredelements="71" complexity="0" loc="51" ncloc="51" packages="1" files="1" classes="1"/>
    <file name="index.js" path="C:\Users\letha\OneDrive\Desktop\jwks-server\index.js">
      <metrics statements="51" coveredstatements="46" conditionals="25" coveredconditionals="16" methods="10" coveredmethods="9"/>
      <line num="1" count="1" type="stmt"/>
      <line num="2" count="1" type="stmt"/>
      <line num="3" count="1" type="stmt"/>
      <line num="4" count="1" type="stmt"/>
      <line num="6" count="1" type="stmt"/>
      <line num="7" count="1" type="stmt"/>
      <line num="11" count="1" type="stmt"/>
      <line num="14" count="1" type="stmt"/>
      <line num="15" count="1" type="stmt"/>
      <line num="23" count="1" type="stmt"/>
      <line num="25" count="32" type="cond" truecount="2" falsecount="0"/>
      <line num="26" count="16" type="stmt"/>
      <line num="27" count="16" type="cond" truecount="1" falsecount="1"/>
      <line num="29" count="16" type="stmt"/>
      <line num="30" count="16" type="cond" truecount="1" falsecount="1"/>
      <line num="31" count="16" type="stmt"/>
      <line num="33" count="0" type="stmt"/>
      <line num="35" count="32" type="stmt"/>
      <line num="41" count="2" type="stmt"/>
      <line num="44" count="2" type="stmt"/>
      <line num="46" count="2" type="cond" truecount="2" falsecount="0"/>
      <line num="51" count="2" type="stmt"/>
      <line num="55" count="1" type="stmt"/>
      <line num="56" count="1" type="stmt"/>
      <line num="59" count="1" type="stmt"/>
      <line num="60" count="1" type="stmt"/>
      <line num="63" count="1" type="stmt"/>
      <line num="65" count="1" type="cond" truecount="1" falsecount="1"/>
      <line num="67" count="1" type="stmt"/>
      <line num="68" count="16" type="stmt"/>
      <line num="69" count="16" type="stmt"/>
      <line num="71" count="16" type="stmt"/>
      <line num="80" count="1" type="stmt"/>
      <line num="85" count="1" type="stmt"/>
      <line num="86" count="2" type="stmt"/>
      <line num="87" count="2" type="stmt"/>
      <line num="90" count="2" type="cond" truecount="2" falsecount="0"/>
      <line num="94" count="2" type="stmt"/>
      <line num="95" count="2" type="cond" truecount="3" falsecount="1"/>
      <line num="96" count="0" type="stmt"/>
      <line num="100" count="2" type="stmt"/>
      <line num="107" count="2" type="stmt"/>
      <line num="112" count="2" type="stmt"/>
      <line num="117" count="1" type="stmt"/>
      <line num="118" count="1" type="cond" truecount="1" falsecount="1"/>
      <line num="119" count="1" type="stmt"/>
      <line num="124" count="1" type="cond" truecount="1" falsecount="1"/>
      <line num="125" count="0" type="cond" truecount="0" falsecount="2"/>
      <line num="126" count="0" type="stmt"/>
      <line num="127" count="0" type="stmt"/>
      <line num="132" count="1" type="stmt"/>
    </file>
  </project>
</coverage>
