{"C:\\Users\\letha\\OneDrive\\Desktop\\jwks-server\\index.js": {"path":"C:\\Users\\letha\\OneDrive\\Desktop\\jwks-server\\index.js","statementMap":{"0":{"start":{"line":1,"column":16},"end":{"line":1,"column":34}},"1":{"start":{"line":2,"column":12},"end":{"line":2,"column":35}},"2":{"start":{"line":3,"column":16},"end":{"line":3,"column":35}},"3":{"start":{"line":4,"column":16},"end":{"line":4,"column":44}},"4":{"start":{"line":6,"column":12},"end":{"line":6,"column":21}},"5":{"start":{"line":7,"column":0},"end":{"line":7,"column":24}},"6":{"start":{"line":11,"column":11},"end":{"line":11,"column":66}},"7":{"start":{"line":14,"column":0},"end":{"line":20,"column":3}},"8":{"start":{"line":15,"column":4},"end":{"line":19,"column":8}},"9":{"start":{"line":23,"column":20},"end":{"line":36,"column":1}},"10":{"start":{"line":25,"column":4},"end":{"line":34,"column":5}},"11":{"start":{"line":26,"column":8},"end":{"line":26,"column":23}},"12":{"start":{"line":27,"column":11},"end":{"line":34,"column":5}},"13":{"start":{"line":29,"column":18},"end":{"line":29,"column":36}},"14":{"start":{"line":30,"column":8},"end":{"line":30,"column":50}},"15":{"start":{"line":30,"column":34},"end":{"line":30,"column":50}},"16":{"start":{"line":31,"column":8},"end":{"line":31,"column":41}},"17":{"start":{"line":33,"column":8},"end":{"line":33,"column":36}},"18":{"start":{"line":35,"column":4},"end":{"line":35,"column":95}},"19":{"start":{"line":41,"column":16},"end":{"line":41,"column":40}},"20":{"start":{"line":44,"column":26},"end":{"line":44,"column":50}},"21":{"start":{"line":46,"column":22},"end":{"line":48,"column":46}},"22":{"start":{"line":51,"column":4},"end":{"line":51,"column":84}},"23":{"start":{"line":55,"column":0},"end":{"line":55,"column":19}},"24":{"start":{"line":56,"column":0},"end":{"line":56,"column":18}},"25":{"start":{"line":59,"column":0},"end":{"line":82,"column":3}},"26":{"start":{"line":60,"column":16},"end":{"line":60,"column":45}},"27":{"start":{"line":63,"column":4},"end":{"line":81,"column":7}},"28":{"start":{"line":65,"column":8},"end":{"line":65,"column":63}},"29":{"start":{"line":65,"column":17},"end":{"line":65,"column":63}},"30":{"start":{"line":67,"column":21},"end":{"line":79,"column":10}},"31":{"start":{"line":68,"column":24},"end":{"line":68,"column":44}},"32":{"start":{"line":69,"column":31},"end":{"line":69,"column":58}},"33":{"start":{"line":71,"column":12},"end":{"line":78,"column":14}},"34":{"start":{"line":80,"column":8},"end":{"line":80,"column":33}},"35":{"start":{"line":85,"column":0},"end":{"line":114,"column":3}},"36":{"start":{"line":86,"column":29},"end":{"line":86,"column":57}},"37":{"start":{"line":87,"column":16},"end":{"line":87,"column":45}},"38":{"start":{"line":90,"column":18},"end":{"line":92,"column":52}},"39":{"start":{"line":94,"column":4},"end":{"line":113,"column":7}},"40":{"start":{"line":95,"column":8},"end":{"line":97,"column":9}},"41":{"start":{"line":96,"column":12},"end":{"line":96,"column":57}},"42":{"start":{"line":100,"column":24},"end":{"line":104,"column":9}},"43":{"start":{"line":107,"column":22},"end":{"line":110,"column":10}},"44":{"start":{"line":112,"column":8},"end":{"line":112,"column":35}},"45":{"start":{"line":117,"column":0},"end":{"line":121,"column":3}},"46":{"start":{"line":118,"column":4},"end":{"line":120,"column":5}},"47":{"start":{"line":119,"column":8},"end":{"line":119,"column":51}},"48":{"start":{"line":124,"column":0},"end":{"line":129,"column":1}},"49":{"start":{"line":125,"column":17},"end":{"line":125,"column":41}},"50":{"start":{"line":126,"column":4},"end":{"line":128,"column":7}},"51":{"start":{"line":127,"column":8},"end":{"line":127,"column":83}},"52":{"start":{"line":132,"column":0},"end":{"line":132,"column":21}}},"fnMap":{"0":{"name":"(anonymous_0)","decl":{"start":{"line":14,"column":13},"end":{"line":14,"column":14}},"loc":{"start":{"line":14,"column":19},"end":{"line":20,"column":1}},"line":14},"1":{"name":"(anonymous_1)","decl":{"start":{"line":23,"column":20},"end":{"line":23,"column":21}},"loc":{"start":{"line":23,"column":31},"end":{"line":36,"column":1}},"line":23},"2":{"name":"generateKey","decl":{"start":{"line":39,"column":9},"end":{"line":39,"column":20}},"loc":{"start":{"line":39,"column":40},"end":{"line":52,"column":1}},"line":39},"3":{"name":"(anonymous_3)","decl":{"start":{"line":59,"column":34},"end":{"line":59,"column":35}},"loc":{"start":{"line":59,"column":48},"end":{"line":82,"column":1}},"line":59},"4":{"name":"(anonymous_4)","decl":{"start":{"line":63,"column":54},"end":{"line":63,"column":55}},"loc":{"start":{"line":63,"column":69},"end":{"line":81,"column":5}},"line":63},"5":{"name":"(anonymous_5)","decl":{"start":{"line":67,"column":30},"end":{"line":67,"column":31}},"loc":{"start":{"line":67,"column":37},"end":{"line":79,"column":9}},"line":67},"6":{"name":"(anonymous_6)","decl":{"start":{"line":85,"column":18},"end":{"line":85,"column":19}},"loc":{"start":{"line":85,"column":32},"end":{"line":114,"column":1}},"line":85},"7":{"name":"(anonymous_7)","decl":{"start":{"line":94,"column":25},"end":{"line":94,"column":26}},"loc":{"start":{"line":94,"column":39},"end":{"line":113,"column":5}},"line":94},"8":{"name":"(anonymous_8)","decl":{"start":{"line":117,"column":17},"end":{"line":117,"column":18}},"loc":{"start":{"line":117,"column":31},"end":{"line":121,"column":1}},"line":117},"9":{"name":"(anonymous_9)","decl":{"start":{"line":126,"column":21},"end":{"line":126,"column":22}},"loc":{"start":{"line":126,"column":27},"end":{"line":128,"column":5}},"line":126}},"branchMap":{"0":{"loc":{"start":{"line":25,"column":4},"end":{"line":34,"column":5}},"type":"if","locations":[{"start":{"line":25,"column":4},"end":{"line":34,"column":5}},{"start":{"line":27,"column":11},"end":{"line":34,"column":5}}],"line":25},"1":{"loc":{"start":{"line":27,"column":11},"end":{"line":34,"column":5}},"type":"if","locations":[{"start":{"line":27,"column":11},"end":{"line":34,"column":5}},{"start":{"line":32,"column":11},"end":{"line":34,"column":5}}],"line":27},"2":{"loc":{"start":{"line":30,"column":8},"end":{"line":30,"column":50}},"type":"if","locations":[{"start":{"line":30,"column":8},"end":{"line":30,"column":50}},{"start":{},"end":{}}],"line":30},"3":{"loc":{"start":{"line":39,"column":21},"end":{"line":39,"column":38}},"type":"default-arg","locations":[{"start":{"line":39,"column":33},"end":{"line":39,"column":38}}],"line":39},"4":{"loc":{"start":{"line":46,"column":22},"end":{"line":48,"column":46}},"type":"cond-expr","locations":[{"start":{"line":47,"column":10},"end":{"line":47,"column":46}},{"start":{"line":48,"column":10},"end":{"line":48,"column":46}}],"line":46},"5":{"loc":{"start":{"line":65,"column":8},"end":{"line":65,"column":63}},"type":"if","locations":[{"start":{"line":65,"column":8},"end":{"line":65,"column":63}},{"start":{},"end":{}}],"line":65},"6":{"loc":{"start":{"line":90,"column":18},"end":{"line":92,"column":52}},"type":"cond-expr","locations":[{"start":{"line":91,"column":10},"end":{"line":91,"column":53}},{"start":{"line":92,"column":10},"end":{"line":92,"column":52}}],"line":90},"7":{"loc":{"start":{"line":95,"column":8},"end":{"line":97,"column":9}},"type":"if","locations":[{"start":{"line":95,"column":8},"end":{"line":97,"column":9}},{"start":{},"end":{}}],"line":95},"8":{"loc":{"start":{"line":95,"column":12},"end":{"line":95,"column":23}},"type":"binary-expr","locations":[{"start":{"line":95,"column":12},"end":{"line":95,"column":15}},{"start":{"line":95,"column":19},"end":{"line":95,"column":23}}],"line":95},"9":{"loc":{"start":{"line":103,"column":17},"end":{"line":103,"column":59}},"type":"cond-expr","locations":[{"start":{"line":103,"column":36},"end":{"line":103,"column":46}},{"start":{"line":103,"column":49},"end":{"line":103,"column":59}}],"line":103},"10":{"loc":{"start":{"line":118,"column":4},"end":{"line":120,"column":5}},"type":"if","locations":[{"start":{"line":118,"column":4},"end":{"line":120,"column":5}},{"start":{},"end":{}}],"line":118},"11":{"loc":{"start":{"line":124,"column":0},"end":{"line":129,"column":1}},"type":"if","locations":[{"start":{"line":124,"column":0},"end":{"line":129,"column":1}},{"start":{},"end":{}}],"line":124},"12":{"loc":{"start":{"line":125,"column":17},"end":{"line":125,"column":41}},"type":"binary-expr","locations":[{"start":{"line":125,"column":17},"end":{"line":125,"column":33}},{"start":{"line":125,"column":37},"end":{"line":125,"column":41}}],"line":125}},"s":{"0":1,"1":1,"2":1,"3":1,"4":1,"5":1,"6":1,"7":1,"8":1,"9":1,"10":32,"11":16,"12":16,"13":16,"14":16,"15":16,"16":16,"17":0,"18":32,"19":2,"20":2,"21":2,"22":2,"23":1,"24":1,"25":1,"26":1,"27":1,"28":1,"29":0,"30":1,"31":16,"32":16,"33":16,"34":1,"35":1,"36":2,"37":2,"38":2,"39":2,"40":2,"41":0,"42":2,"43":2,"44":2,"45":1,"46":1,"47":1,"48":1,"49":0,"50":0,"51":0,"52":1},"f":{"0":1,"1":32,"2":2,"3":1,"4":1,"5":16,"6":2,"7":2,"8":1,"9":0},"b":{"0":[16,16],"1":[16,0],"2":[16,0],"3":[0],"4":[1,1],"5":[0,1],"6":[1,1],"7":[0,2],"8":[2,2],"9":[1,1],"10":[1,0],"11":[0,1],"12":[0,0]},"_coverageSchema":"1a1c01bbd47fc00a2c39e90264f33305004495a9","hash":"65fe840e21a4388104bb49c406d724dcfd559c80"}
}
