TN:
SF:index.js
FN:14,(anonymous_0)
FN:23,(anonymous_1)
FN:39,generateKey
FN:59,(anonymous_3)
FN:63,(anonymous_4)
FN:67,(anonymous_5)
FN:85,(anonymous_6)
FN:94,(anonymous_7)
FN:117,(anonymous_8)
FN:126,(anonymous_9)
FNF:10
FNH:9
FNDA:1,(anonymous_0)
FNDA:32,(anonymous_1)
FNDA:2,generateKey
FNDA:1,(anonymous_3)
FNDA:1,(anonymous_4)
FNDA:16,(anonymous_5)
FNDA:2,(anonymous_6)
FNDA:2,(anonymous_7)
FNDA:1,(anonymous_8)
FNDA:0,(anonymous_9)
DA:1,1
DA:2,1
DA:3,1
DA:4,1
DA:6,1
DA:7,1
DA:11,1
DA:14,1
DA:15,1
DA:23,1
DA:25,32
DA:26,16
DA:27,16
DA:29,16
DA:30,16
DA:31,16
DA:33,0
DA:35,32
DA:41,2
DA:44,2
DA:46,2
DA:51,2
DA:55,1
DA:56,1
DA:59,1
DA:60,1
DA:63,1
DA:65,1
DA:67,1
DA:68,16
DA:69,16
DA:71,16
DA:80,1
DA:85,1
DA:86,2
DA:87,2
DA:90,2
DA:94,2
DA:95,2
DA:96,0
DA:100,2
DA:107,2
DA:112,2
DA:117,1
DA:118,1
DA:119,1
DA:124,1
DA:125,0
DA:126,0
DA:127,0
DA:132,1
LF:51
LH:46
BRDA:25,0,0,16
BRDA:25,0,1,16
BRDA:27,1,0,16
BRDA:27,1,1,0
BRDA:30,2,0,16
BRDA:30,2,1,0
BRDA:39,3,0,0
BRDA:46,4,0,1
BRDA:46,4,1,1
BRDA:65,5,0,0
BRDA:65,5,1,1
BRDA:90,6,0,1
BRDA:90,6,1,1
BRDA:95,7,0,0
BRDA:95,7,1,2
BRDA:95,8,0,2
BRDA:95,8,1,2
BRDA:103,9,0,1
BRDA:103,9,1,1
BRDA:118,10,0,1
BRDA:118,10,1,0
BRDA:124,11,0,0
BRDA:124,11,1,1
BRDA:125,12,0,0
BRDA:125,12,1,0
BRF:25
BRH:16
end_of_record
